<?xml version="1.0" encoding="UTF-8"?>
<!-- Generated by org.testng.reporters.JUnitReportReporter -->
<testsuite hostname="Sanjidas-MacBook-Pro.local" name="Tests.TestPass" tests="1" failures="0" timestamp="9 Jan 2018 10:08:35 GMT" time="0.869" errors="0">
  <testcase name="createFBAccountWith18less" time="0.869" classname="Tests.TestPass"/>
</testsuite> <!-- Tests.TestPass -->
